Using pre-set license
Built from '2020.2/release' branch; Version is '2020.2.2f1 (068178b99f32) revision 426360'; Using compiler version '192528614'; Build Type 'Release'
OS: 'Windows 10 Home; OS build 19043.1165; Version 2009; 64bit' Language: 'en' Physical Memory: 16138 MB
BatchMode: 1, IsHumanControllingUs: 0, StartBugReporterOnCrash: 0, Is64bit: 1, IsPro: 0

 COMMAND LINE ARGUMENTS:
C:\Program Files\Unity\Editor\Unity.exe
-adb2
-batchMode
-noUpm
-name
AssetImportWorker1
-projectPath
C:/Users/seven/Documents/tafe/cert iv digital and interactive games/GUI/GUI-Game-Systems
-logFile
Logs/AssetImportWorker1.log
-srvPort
58759
Successfully changed project path to: C:/Users/seven/Documents/tafe/cert iv digital and interactive games/GUI/GUI-Game-Systems
C:/Users/seven/Documents/tafe/cert iv digital and interactive games/GUI/GUI-Game-Systems
Using Asset Import Pipeline V2.
Refreshing native plugins compatible for Editor in 58.29 ms, found 0 plugins.
Preloading 0 native plugins for Editor in 0.00 ms.
Initialize engine version: 2020.2.2f1 (068178b99f32)
[Subsystems] Discovering subsystems at path C:/Program Files/Unity/Editor/Data/Resources/UnitySubsystems
[Subsystems] Discovering subsystems at path C:/Users/seven/Documents/tafe/cert iv digital and interactive games/GUI/GUI-Game-Systems/Assets
GfxDevice: creating device client; threaded=0
Direct3D:
    Version:  Direct3D 11.0 [level 11.1]
    Renderer: Intel(R) Iris(R) Plus Graphics (ID=0x8a52)
    Vendor:   
    VRAM:     8069 MB
    Driver:   27.20.100.8783
Initialize mono
Mono path[0] = 'C:/Program Files/Unity/Editor/Data/Managed'
Mono path[1] = 'C:/Program Files/Unity/Editor/Data/MonoBleedingEdge/lib/mono/unityjit'
Mono config path = 'C:/Program Files/Unity/Editor/Data/MonoBleedingEdge/etc'
Using monoOptions --debugger-agent=transport=dt_socket,embedding=1,server=y,suspend=n,address=127.0.0.1:56896
Begin MonoManager ReloadAssembly
Registering precompiled unity dll's ...
Register platform support module: C:/Program Files/Unity/Editor/Data/PlaybackEngines/WindowsStandaloneSupport/UnityEditor.WindowsStandalone.Extensions.dll
Registered in 0.003267 seconds.
Native extension for WindowsStandalone target not found
Refreshing native plugins compatible for Editor in 68.12 ms, found 0 plugins.
Preloading 0 native plugins for Editor in 0.00 ms.
Invoked RoslynAnalysisRunner static constructor.
RoslynAnalysisRunner will not be running.
RoslynAnalysisRunner has terminated.
Mono: successfully reloaded assembly
- Completed reload, in  2.296 seconds
Platform modules already initialized, skipping
Registering precompiled user dll's ...
Registered in 0.001378 seconds.
Begin MonoManager ReloadAssembly
Native extension for WindowsStandalone target not found
Refreshing native plugins compatible for Editor in 0.31 ms, found 0 plugins.
Preloading 0 native plugins for Editor in 0.00 ms.
Invoked RoslynAnalysisRunner static constructor.
RoslynAnalysisRunner will not be running.
RoslynAnalysisRunner has terminated.
Mono: successfully reloaded assembly
- Completed reload, in  4.808 seconds
Platform modules already initialized, skipping
========================================================================
Worker process is ready to serve import requests
Launched and connected shader compiler UnityShaderCompiler.exe after 0.16 seconds
Refreshing native plugins compatible for Editor in 0.41 ms, found 0 plugins.
Preloading 0 native plugins for Editor in 0.00 ms.
Unloading 1114 Unused Serialized files (Serialized files now loaded: 0)
System memory in use before: 69.8 MB.
System memory in use after: 69.8 MB.

Unloading 10 unused Assets to reduce memory usage. Loaded Objects now: 1570.
Total: 4.510100 ms (FindLiveObjects: 0.365400 ms CreateObjectMapping: 0.098300 ms MarkObjects: 3.774200 ms  DeleteObjects: 0.258900 ms)

========================================================================
Received Import Request.
  path: Assets/scripts/Canvas Scripts/KeybindsManager.cs
  artifactKey: Guid(5a2bb3758cd1717428390d0c77b82691) Importer(815301076,1909f56bfc062723c751e8b465ee728b)
Start importing Assets/scripts/Canvas Scripts/KeybindsManager.cs using Guid(5a2bb3758cd1717428390d0c77b82691) Importer(815301076,1909f56bfc062723c751e8b465ee728b)  -> (artifact id: 'e8ed46a4b3cbc9eb11c2ba17bdb79b1c') in 0.054553 seconds
  Import took 0.059162 seconds .

========================================================================
Received Import Request.
  Time since last request: 138.540709 seconds.
  path: Assets/scripts/Canvas Scripts/KeybindsManager.cs
  artifactKey: Guid(5a2bb3758cd1717428390d0c77b82691) Importer(815301076,1909f56bfc062723c751e8b465ee728b)
Start importing Assets/scripts/Canvas Scripts/KeybindsManager.cs using Guid(5a2bb3758cd1717428390d0c77b82691) Importer(815301076,1909f56bfc062723c751e8b465ee728b)  -> (artifact id: 'c4e81fdc789d0cbd0ba7ae38cd9945da') in 0.007935 seconds
  Import took 0.013266 seconds .

========================================================================
Received Import Request.
  Time since last request: 0.002864 seconds.
  path: Assets/scripts/Canvas Scripts/KeybindsManager.cs
  artifactKey: Guid(5a2bb3758cd1717428390d0c77b82691) Importer(815301076,1909f56bfc062723c751e8b465ee728b)
Start importing Assets/scripts/Canvas Scripts/KeybindsManager.cs using Guid(5a2bb3758cd1717428390d0c77b82691) Importer(815301076,1909f56bfc062723c751e8b465ee728b)  -> (artifact id: 'c4e81fdc789d0cbd0ba7ae38cd9945da') in 0.007436 seconds
  Import took 0.012180 seconds .

========================================================================
Received Prepare
Registering precompiled user dll's ...
Registered in 0.001165 seconds.
Begin MonoManager ReloadAssembly
Native extension for WindowsStandalone target not found
Refreshing native plugins compatible for Editor in 0.83 ms, found 0 plugins.
Preloading 0 native plugins for Editor in 0.00 ms.
Invoked RoslynAnalysisRunner static constructor.
RoslynAnalysisRunner will not be running.
RoslynAnalysisRunner has terminated.
Mono: successfully reloaded assembly
- Completed reload, in  1.542 seconds
Platform modules already initialized, skipping
Refreshing native plugins compatible for Editor in 0.40 ms, found 0 plugins.
Preloading 0 native plugins for Editor in 0.00 ms.
Unloading 1109 Unused Serialized files (Serialized files now loaded: 0)
System memory in use before: 70.2 MB.
System memory in use after: 70.3 MB.

Unloading 5 unused Assets to reduce memory usage. Loaded Objects now: 1572.
Total: 2.650000 ms (FindLiveObjects: 0.188000 ms CreateObjectMapping: 0.051000 ms MarkObjects: 2.204600 ms  DeleteObjects: 0.204100 ms)

========================================================================
Received Prepare
Registering precompiled user dll's ...
Registered in 0.001101 seconds.
Begin MonoManager ReloadAssembly
Native extension for WindowsStandalone target not found
Refreshing native plugins compatible for Editor in 0.30 ms, found 0 plugins.
Preloading 0 native plugins for Editor in 0.00 ms.
Invoked RoslynAnalysisRunner static constructor.
RoslynAnalysisRunner will not be running.
RoslynAnalysisRunner has terminated.
Mono: successfully reloaded assembly
- Completed reload, in  1.482 seconds
Platform modules already initialized, skipping
Refreshing native plugins compatible for Editor in 0.31 ms, found 0 plugins.
Preloading 0 native plugins for Editor in 0.00 ms.
Unloading 1109 Unused Serialized files (Serialized files now loaded: 0)
System memory in use before: 70.3 MB.
System memory in use after: 70.4 MB.

Unloading 5 unused Assets to reduce memory usage. Loaded Objects now: 1574.
Total: 4.620100 ms (FindLiveObjects: 0.344400 ms CreateObjectMapping: 0.095500 ms MarkObjects: 3.930400 ms  DeleteObjects: 0.248400 ms)

AssetImportWorkerClient::OnTransportError - code=2 error=End of file
